This file contains any messages produced by compilers while
running configure, to aid debugging if configure makes a mistake.

It was created by PortAudioCpp configure 12, which was
generated by GNU Autoconf 2.68.  Invocation command line was

  $ ./configure --disable-option-checking --prefix=/usr/local --with-winapi=directx --with-dxdir=/dxsdk --enable-cxx=yes --enable-shared=yes --with-host_os=mingw --cache-file=/dev/null --srcdir=.

## --------- ##
## Platform. ##
## --------- ##

hostname = d2Laptop
uname -m = i686
uname -r = 1.0.17(0.48/3/2)
uname -s = MINGW32_NT-6.1
uname -v = 2011-04-24 23:39

/usr/bin/uname -p = unknown
/bin/uname -X     = unknown

/bin/arch              = unknown
/usr/bin/arch -k       = unknown
/usr/convex/getsysinfo = unknown
/usr/bin/hostinfo      = unknown
/bin/machine           = unknown
/usr/bin/oslevel       = unknown
/bin/universe          = unknown

PATH: .
PATH: /usr/local/bin
PATH: /mingw/bin
PATH: /bin
PATH: /c/bin/Python27
PATH: /c/Program Files/Microchip/mplabc18/v3.41/mpasm
PATH: /c/Program Files/Microchip/mplabc18/v3.41/bin
PATH: /c/Program Files/Microchip/MCC18/mpasm
PATH: /c/Program Files/Microchip/MCC18/bin
PATH: /c/Program Files/Microchip/MPLAB C30/bin
PATH: /c/Program Files/Microchip/mplabc32/v2.02/bin
PATH: /c/Program Files/ActiveState Komodo IDE 7/
PATH: /c/Windows/system32
PATH: /c/Windows
PATH: /c/Windows/System32/Wbem
PATH: /c/Windows/System32/WindowsPowerShell/v1.0/
PATH: /c/Users/wittend/AppData/Roaming/npm
PATH: /c/Program Files/nodejs/
PATH: /c/Program Files/Microchip/MPLAB C32/bin
PATH: /c/PROGRAM Files1/PICC
PATH: /c/Program Files/Microsoft SQL Server/100/Tools/Binn/
PATH: /c/Program Files/SlikSvn/bin
PATH: /c/Program Files/Subversion/bin
PATH: /c/Program Files/TortoiseSVN/bin
PATH: /c/Program Files/Csound/bin
PATH: /c/bin/Python27
PATH: /c/Program Files/Microsoft Visual Studio 10.0/VC
PATH: /c/Program Files/CMake 2.8/bin/
PATH: /mingw/bin
PATH: /c/bin/doxygen/bin
PATH: /c/bin/Graphviz 2.28/bin
PATH: /c/Program Files/TortoiseHg/
PATH: /c/Program Files/Microchip/mplabc18/v3.41/mpasm
PATH: /c/Program Files/Microchip/mplabc18/v3.41/bin
PATH: /c/Program Files/Microchip/MCC18/mpasm
PATH: /c/Program Files/Microchip/MCC18/bin
PATH: /c/Program Files/Microchip/mplabc32/v2.02/bin


## ----------- ##
## Core tests. ##
## ----------- ##

configure:2274: checking for a BSD-compatible install
configure:2342: result: /bin/install -c
configure:2353: checking whether build environment is sane
configure:2403: result: yes
configure:2544: checking for a thread-safe mkdir -p
configure:2583: result: /bin/mkdir -p
configure:2596: checking for gawk
configure:2612: found /bin/gawk
configure:2623: result: gawk
configure:2634: checking whether make sets $(MAKE)
configure:2656: result: yes
configure:2737: checking whether to enable maintainer-specific portions of Makefiles
configure:2746: result: no
configure:2823: checking for gcc
configure:2839: found /mingw/bin/gcc
configure:2850: result: gcc
configure:3079: checking for C compiler version
configure:3088: gcc --version >&5
gcc.exe (GCC) 4.6.2
Copyright (C) 2011 Free Software Foundation, Inc.
This is free software; see the source for copying conditions.  There is NO
warranty; not even for MERCHANTABILITY or FITNESS FOR A PARTICULAR PURPOSE.

configure:3099: $? = 0
configure:3088: gcc -v >&5
Using built-in specs.
COLLECT_GCC=C:\bin\MinGW\bin\gcc.exe
COLLECT_LTO_WRAPPER=c:/bin/mingw/bin/../libexec/gcc/mingw32/4.6.2/lto-wrapper.exe
Target: mingw32
Configured with: ../gcc-4.6.2/configure --enable-languages=c,c++,ada,fortran,objc,obj-c++ --disable-sjlj-exceptions --with-dwarf2 --enable-shared --enable-libgomp --disable-win32-registry --enable-libstdcxx-debug --enable-version-specific-runtime-libs --build=mingw32 --prefix=/mingw
Thread model: win32
gcc version 4.6.2 (GCC) 
configure:3099: $? = 0
configure:3088: gcc -V >&5
gcc.exe: error: unrecognized option '-V'
gcc.exe: fatal error: no input files
compilation terminated.
configure:3099: $? = 1
configure:3088: gcc -qversion >&5
gcc.exe: error: unrecognized option '-qversion'
gcc.exe: fatal error: no input files
compilation terminated.
configure:3099: $? = 1
configure:3119: checking whether the C compiler works
configure:3141: gcc -g -O2 -Wall -ansi -pedantic   conftest.c  >&5
configure:3145: $? = 0
configure:3193: result: yes
configure:3196: checking for C compiler default output file name
configure:3198: result: a.exe
configure:3204: checking for suffix of executables
configure:3211: gcc -o conftest.exe -g -O2 -Wall -ansi -pedantic   conftest.c  >&5
configure:3215: $? = 0
configure:3237: result: .exe
configure:3259: checking whether we are cross compiling
configure:3267: gcc -o conftest.exe -g -O2 -Wall -ansi -pedantic   conftest.c  >&5
configure:3271: $? = 0
configure:3278: ./conftest.exe
configure:3282: $? = 0
configure:3297: result: no
configure:3302: checking for suffix of object files
configure:3324: gcc -c -g -O2 -Wall -ansi -pedantic  conftest.c >&5
configure:3328: $? = 0
configure:3349: result: o
configure:3353: checking whether we are using the GNU C compiler
configure:3372: gcc -c -g -O2 -Wall -ansi -pedantic  conftest.c >&5
configure:3372: $? = 0
configure:3381: result: yes
configure:3390: checking whether gcc accepts -g
configure:3410: gcc -c -g  conftest.c >&5
configure:3410: $? = 0
configure:3451: result: yes
configure:3468: checking for gcc option to accept ISO C89
configure:3532: gcc  -c -g -O2 -Wall -ansi -pedantic  conftest.c >&5
configure:3532: $? = 0
configure:3545: result: none needed
configure:3576: checking for style of include used by make
configure:3604: result: GNU
configure:3629: checking dependency style of gcc
configure:3739: result: gcc3
configure:3812: checking for g++
configure:3828: found /mingw/bin/g++
configure:3839: result: g++
configure:3866: checking for C++ compiler version
configure:3875: g++ --version >&5
g++.exe (GCC) 4.6.2
Copyright (C) 2011 Free Software Foundation, Inc.
This is free software; see the source for copying conditions.  There is NO
warranty; not even for MERCHANTABILITY or FITNESS FOR A PARTICULAR PURPOSE.

configure:3886: $? = 0
configure:3875: g++ -v >&5
Using built-in specs.
COLLECT_GCC=C:\bin\MinGW\bin\g++.exe
COLLECT_LTO_WRAPPER=c:/bin/mingw/bin/../libexec/gcc/mingw32/4.6.2/lto-wrapper.exe
Target: mingw32
Configured with: ../gcc-4.6.2/configure --enable-languages=c,c++,ada,fortran,objc,obj-c++ --disable-sjlj-exceptions --with-dwarf2 --enable-shared --enable-libgomp --disable-win32-registry --enable-libstdcxx-debug --enable-version-specific-runtime-libs --build=mingw32 --prefix=/mingw
Thread model: win32
gcc version 4.6.2 (GCC) 
configure:3886: $? = 0
configure:3875: g++ -V >&5
g++.exe: error: unrecognized option '-V'
g++.exe: fatal error: no input files
compilation terminated.
configure:3886: $? = 1
configure:3875: g++ -qversion >&5
g++.exe: error: unrecognized option '-qversion'
g++.exe: fatal error: no input files
compilation terminated.
configure:3886: $? = 1
configure:3890: checking whether we are using the GNU C++ compiler
configure:3909: g++ -c -g -O2 -Wall -ansi -pedantic  conftest.cpp >&5
configure:3909: $? = 0
configure:3918: result: yes
configure:3927: checking whether g++ accepts -g
configure:3947: g++ -c -g  conftest.cpp >&5
configure:3947: $? = 0
configure:3988: result: yes
configure:4013: checking dependency style of g++
configure:4123: result: gcc3
configure:4142: checking build system type
configure:4156: result: i686-pc-mingw32
configure:4176: checking host system type
configure:4189: result: i686-pc-mingw32
configure:4256: checking for as
configure:4272: found /mingw/bin/as
configure:4283: result: as
configure:4348: checking for dlltool
configure:4364: found /mingw/bin/dlltool
configure:4375: result: dlltool
configure:4440: checking for objdump
configure:4456: found /mingw/bin/objdump
configure:4467: result: objdump
configure:4558: checking how to print strings
configure:4585: result: printf
configure:4606: checking for a sed that does not truncate output
configure:4670: result: /bin/sed
configure:4688: checking for grep that handles long lines and -e
configure:4746: result: /bin/grep
configure:4751: checking for egrep
configure:4813: result: /bin/grep -E
configure:4818: checking for fgrep
configure:4880: result: /bin/grep -F
configure:4915: checking for ld used by gcc
configure:4982: result: c:/bin/mingw/mingw32/bin/ld.exe
configure:4989: checking if the linker (c:/bin/mingw/mingw32/bin/ld.exe) is GNU ld
configure:5004: result: yes
configure:5016: checking for BSD- or MS-compatible name lister (nm)
configure:5065: result: /mingw/bin/nm
configure:5195: checking the name lister (/mingw/bin/nm) interface
configure:5202: gcc -c -g -O2 -Wall -ansi -pedantic  conftest.c >&5
configure:5205: /mingw/bin/nm "conftest.o"
configure:5208: output
00000000 b .bss
00000000 d .data
00000000 N .debug_abbrev
00000000 N .debug_info
00000000 N .debug_line
00000000 t .text
00000000 B _some_variable
configure:5215: result: BSD nm
configure:5218: checking whether ln -s works
configure:5225: result: no, using cp -p
configure:5230: checking the maximum length of command line arguments
configure:5355: result: 8192
configure:5372: checking whether the shell understands some XSI constructs
configure:5382: result: yes
configure:5386: checking whether the shell understands "+="
configure:5392: result: yes
configure:5427: checking how to convert i686-pc-mingw32 file names to i686-pc-mingw32 format
configure:5467: result: func_convert_file_msys_to_w32
configure:5474: checking how to convert i686-pc-mingw32 file names to toolchain format
configure:5494: result: func_convert_file_msys_to_w32
configure:5501: checking for c:/bin/mingw/mingw32/bin/ld.exe option to reload object files
configure:5508: result: -r
configure:5582: checking for objdump
configure:5609: result: objdump
configure:5638: checking how to recognize dependent libraries
configure:5840: result: file_magic ^x86 archive import|^x86 DLL
configure:5925: checking for dlltool
configure:5952: result: dlltool
configure:5982: checking how to associate runtime and link libraries
configure:6009: result: func_cygming_dll_for_implib
configure:6070: checking for ar
configure:6086: found /mingw/bin/ar
configure:6097: result: ar
configure:6134: checking for archiver @FILE support
configure:6151: gcc -c -g -O2 -Wall -ansi -pedantic  conftest.c >&5
configure:6151: $? = 0
configure:6154: ar cru libconftest.a @conftest.lst >&5
configure:6157: $? = 0
configure:6162: ar cru libconftest.a @conftest.lst >&5
C:\bin\MinGW\bin\ar.exe: conftest.o: No such file or directory
configure:6165: $? = 1
configure:6177: result: @
configure:6235: checking for strip
configure:6251: found /mingw/bin/strip
configure:6262: result: strip
configure:6334: checking for ranlib
configure:6350: found /mingw/bin/ranlib
configure:6361: result: ranlib
configure:6463: checking command to parse /mingw/bin/nm output from gcc object
configure:6582: gcc -c -g -O2 -Wall -ansi -pedantic  conftest.c >&5
configure:6585: $? = 0
configure:6589: /mingw/bin/nm conftest.o \| sed -n -e 's/^.*[ ]\([ABCDGIRSTW][ABCDGIRSTW]*\)[ ][ ]*\([_A-Za-z][_A-Za-z0-9]*\)\{0,1\}$/\1 \2 \2/p' | sed '/ __gnu_lto/d' \> conftest.nm
configure:6592: $? = 0
cannot find nm_test_var in conftest.nm
configure:6582: gcc -c -g -O2 -Wall -ansi -pedantic  conftest.c >&5
configure:6585: $? = 0
configure:6589: /mingw/bin/nm conftest.o \| sed -n -e 's/^.*[ ]\([ABCDGIRSTW][ABCDGIRSTW]*\)[ ][ ]*_\([_A-Za-z][_A-Za-z0-9]*\)\{0,1\}$/\1 _\2 \2/p' | sed '/ __gnu_lto/d' \> conftest.nm
configure:6592: $? = 0
configure:6658: gcc -o conftest.exe -g -O2 -Wall -ansi -pedantic   conftest.c conftstm.o >&5
conftest.c:29:20: warning: ISO C forbids conversion of function pointer to object pointer type [-pedantic]
configure:6661: $? = 0
configure:6699: result: ok
configure:6736: checking for sysroot
configure:6766: result: no
configure:7009: checking for mt
configure:7039: result: no
configure:7059: checking if : is a manifest tool
configure:7065: : '-?'
configure:7073: result: no
configure:7705: checking how to run the C preprocessor
configure:7736: gcc -E  conftest.c
configure:7736: $? = 0
configure:7750: gcc -E  conftest.c
conftest.c:11:28: fatal error: ac_nonexistent.h: No such file or directory
compilation terminated.
configure:7750: $? = 1
configure: failed program was:
| /* confdefs.h */
| #define PACKAGE_NAME "PortAudioCpp"
| #define PACKAGE_TARNAME "portaudiocpp"
| #define PACKAGE_VERSION "12"
| #define PACKAGE_STRING "PortAudioCpp 12"
| #define PACKAGE_BUGREPORT ""
| #define PACKAGE_URL ""
| #define PACKAGE "portaudiocpp"
| #define VERSION "12"
| /* end confdefs.h.  */
| #include <ac_nonexistent.h>
configure:7775: result: gcc -E
configure:7795: gcc -E  conftest.c
configure:7795: $? = 0
configure:7809: gcc -E  conftest.c
conftest.c:11:28: fatal error: ac_nonexistent.h: No such file or directory
compilation terminated.
configure:7809: $? = 1
configure: failed program was:
| /* confdefs.h */
| #define PACKAGE_NAME "PortAudioCpp"
| #define PACKAGE_TARNAME "portaudiocpp"
| #define PACKAGE_VERSION "12"
| #define PACKAGE_STRING "PortAudioCpp 12"
| #define PACKAGE_BUGREPORT ""
| #define PACKAGE_URL ""
| #define PACKAGE "portaudiocpp"
| #define VERSION "12"
| /* end confdefs.h.  */
| #include <ac_nonexistent.h>
configure:7838: checking for ANSI C header files
configure:7858: gcc -c -g -O2 -Wall -ansi -pedantic  conftest.c >&5
configure:7858: $? = 0
configure:7931: gcc -o conftest.exe -g -O2 -Wall -ansi -pedantic   conftest.c  >&5
configure:7931: $? = 0
configure:7931: ./conftest.exe
configure:7931: $? = 0
configure:7942: result: yes
configure:7955: checking for sys/types.h
configure:7955: gcc -c -g -O2 -Wall -ansi -pedantic  conftest.c >&5
configure:7955: $? = 0
configure:7955: result: yes
configure:7955: checking for sys/stat.h
configure:7955: gcc -c -g -O2 -Wall -ansi -pedantic  conftest.c >&5
configure:7955: $? = 0
configure:7955: result: yes
configure:7955: checking for stdlib.h
configure:7955: gcc -c -g -O2 -Wall -ansi -pedantic  conftest.c >&5
configure:7955: $? = 0
configure:7955: result: yes
configure:7955: checking for string.h
configure:7955: gcc -c -g -O2 -Wall -ansi -pedantic  conftest.c >&5
configure:7955: $? = 0
configure:7955: result: yes
configure:7955: checking for memory.h
configure:7955: gcc -c -g -O2 -Wall -ansi -pedantic  conftest.c >&5
configure:7955: $? = 0
configure:7955: result: yes
configure:7955: checking for strings.h
configure:7955: gcc -c -g -O2 -Wall -ansi -pedantic  conftest.c >&5
configure:7955: $? = 0
configure:7955: result: yes
configure:7955: checking for inttypes.h
configure:7955: gcc -c -g -O2 -Wall -ansi -pedantic  conftest.c >&5
configure:7955: $? = 0
configure:7955: result: yes
configure:7955: checking for stdint.h
configure:7955: gcc -c -g -O2 -Wall -ansi -pedantic  conftest.c >&5
configure:7955: $? = 0
configure:7955: result: yes
configure:7955: checking for unistd.h
configure:7955: gcc -c -g -O2 -Wall -ansi -pedantic  conftest.c >&5
configure:7955: $? = 0
configure:7955: result: yes
configure:7969: checking for dlfcn.h
configure:7969: gcc -c -g -O2 -Wall -ansi -pedantic  conftest.c >&5
conftest.c:55:19: fatal error: dlfcn.h: No such file or directory
compilation terminated.
configure:7969: $? = 1
configure: failed program was:
| /* confdefs.h */
| #define PACKAGE_NAME "PortAudioCpp"
| #define PACKAGE_TARNAME "portaudiocpp"
| #define PACKAGE_VERSION "12"
| #define PACKAGE_STRING "PortAudioCpp 12"
| #define PACKAGE_BUGREPORT ""
| #define PACKAGE_URL ""
| #define PACKAGE "portaudiocpp"
| #define VERSION "12"
| #define STDC_HEADERS 1
| #define HAVE_SYS_TYPES_H 1
| #define HAVE_SYS_STAT_H 1
| #define HAVE_STDLIB_H 1
| #define HAVE_STRING_H 1
| #define HAVE_MEMORY_H 1
| #define HAVE_STRINGS_H 1
| #define HAVE_INTTYPES_H 1
| #define HAVE_STDINT_H 1
| #define HAVE_UNISTD_H 1
| /* end confdefs.h.  */
| #include <stdio.h>
| #ifdef HAVE_SYS_TYPES_H
| # include <sys/types.h>
| #endif
| #ifdef HAVE_SYS_STAT_H
| # include <sys/stat.h>
| #endif
| #ifdef STDC_HEADERS
| # include <stdlib.h>
| # include <stddef.h>
| #else
| # ifdef HAVE_STDLIB_H
| #  include <stdlib.h>
| # endif
| #endif
| #ifdef HAVE_STRING_H
| # if !defined STDC_HEADERS && defined HAVE_MEMORY_H
| #  include <memory.h>
| # endif
| # include <string.h>
| #endif
| #ifdef HAVE_STRINGS_H
| # include <strings.h>
| #endif
| #ifdef HAVE_INTTYPES_H
| # include <inttypes.h>
| #endif
| #ifdef HAVE_STDINT_H
| # include <stdint.h>
| #endif
| #ifdef HAVE_UNISTD_H
| # include <unistd.h>
| #endif
| 
| #include <dlfcn.h>
configure:7969: result: no
configure:8165: checking for objdir
configure:8180: result: .libs
configure:8447: checking if gcc supports -fno-rtti -fno-exceptions
configure:8465: gcc -c -g -O2 -Wall -ansi -pedantic  -fno-rtti -fno-exceptions conftest.c >&5
cc1.exe: warning: command line option '-fno-rtti' is valid for C++/ObjC++ but not for C [enabled by default]
configure:8469: $? = 0
configure:8482: result: no
configure:8792: checking for gcc option to produce PIC
configure:8799: result: -DDLL_EXPORT -DPIC
configure:8807: checking if gcc PIC flag -DDLL_EXPORT -DPIC works
configure:8825: gcc -c -g -O2 -Wall -ansi -pedantic  -DDLL_EXPORT -DPIC -DPIC conftest.c >&5
configure:8829: $? = 0
configure:8842: result: yes
configure:8871: checking if gcc static flag -static works
configure:8899: result: yes
configure:8914: checking if gcc supports -c -o file.o
configure:8935: gcc -c -g -O2 -Wall -ansi -pedantic  -o out/conftest2.o conftest.c >&5
configure:8939: $? = 0
configure:8961: result: yes
configure:8969: checking if gcc supports -c -o file.o
configure:9016: result: yes
configure:9049: checking whether the gcc linker (c:/bin/mingw/mingw32/bin/ld.exe) supports shared libraries
configure:10211: result: yes
configure:10248: checking whether -lc should be explicitly linked in
configure:10256: gcc -c -g -O2 -Wall -ansi -pedantic  conftest.c >&5
configure:10259: $? = 0
configure:10274: gcc -shared conftest.o  -v -o ./conftest -Wl,--enable-auto-image-base -Xlinker --out-implib -Xlinker conftest 2\>\&1 \| /bin/grep  -lc  \>/dev/null 2\>\&1
configure:10277: $? = 1
configure:10291: result: yes
configure:10456: checking dynamic linker characteristics
configure:11205: result: Win32 ld.exe
configure:11312: checking how to hardcode library paths into programs
configure:11337: result: immediate
configure:11877: checking whether stripping libraries is possible
configure:11882: result: yes
configure:11917: checking if libtool supports shared libraries
configure:11919: result: yes
configure:11922: checking whether to build shared libraries
configure:11943: result: yes
configure:11946: checking whether to build static libraries
configure:11950: result: yes
configure:11973: checking how to run the C++ preprocessor
configure:12000: g++ -E  conftest.cpp
configure:12000: $? = 0
configure:12014: g++ -E  conftest.cpp
conftest.cpp:22:28: fatal error: ac_nonexistent.h: No such file or directory
compilation terminated.
configure:12014: $? = 1
configure: failed program was:
| /* confdefs.h */
| #define PACKAGE_NAME "PortAudioCpp"
| #define PACKAGE_TARNAME "portaudiocpp"
| #define PACKAGE_VERSION "12"
| #define PACKAGE_STRING "PortAudioCpp 12"
| #define PACKAGE_BUGREPORT ""
| #define PACKAGE_URL ""
| #define PACKAGE "portaudiocpp"
| #define VERSION "12"
| #define STDC_HEADERS 1
| #define HAVE_SYS_TYPES_H 1
| #define HAVE_SYS_STAT_H 1
| #define HAVE_STDLIB_H 1
| #define HAVE_STRING_H 1
| #define HAVE_MEMORY_H 1
| #define HAVE_STRINGS_H 1
| #define HAVE_INTTYPES_H 1
| #define HAVE_STDINT_H 1
| #define HAVE_UNISTD_H 1
| #define LT_OBJDIR ".libs/"
| /* end confdefs.h.  */
| #include <ac_nonexistent.h>
configure:12039: result: g++ -E
configure:12059: g++ -E  conftest.cpp
configure:12059: $? = 0
configure:12073: g++ -E  conftest.cpp
conftest.cpp:22:28: fatal error: ac_nonexistent.h: No such file or directory
compilation terminated.
configure:12073: $? = 1
configure: failed program was:
| /* confdefs.h */
| #define PACKAGE_NAME "PortAudioCpp"
| #define PACKAGE_TARNAME "portaudiocpp"
| #define PACKAGE_VERSION "12"
| #define PACKAGE_STRING "PortAudioCpp 12"
| #define PACKAGE_BUGREPORT ""
| #define PACKAGE_URL ""
| #define PACKAGE "portaudiocpp"
| #define VERSION "12"
| #define STDC_HEADERS 1
| #define HAVE_SYS_TYPES_H 1
| #define HAVE_SYS_STAT_H 1
| #define HAVE_STDLIB_H 1
| #define HAVE_STRING_H 1
| #define HAVE_MEMORY_H 1
| #define HAVE_STRINGS_H 1
| #define HAVE_INTTYPES_H 1
| #define HAVE_STDINT_H 1
| #define HAVE_UNISTD_H 1
| #define LT_OBJDIR ".libs/"
| /* end confdefs.h.  */
| #include <ac_nonexistent.h>
configure:12243: checking for ld used by g++
configure:12310: result: c:/bin/mingw/mingw32/bin/ld.exe
configure:12317: checking if the linker (c:/bin/mingw/mingw32/bin/ld.exe) is GNU ld
configure:12332: result: yes
configure:12387: checking whether the g++ linker (c:/bin/mingw/mingw32/bin/ld.exe) supports shared libraries
configure:13391: result: yes
configure:13426: g++ -c -g -O2 -Wall -ansi -pedantic  conftest.cpp >&5
configure:13429: $? = 0
configure:13949: checking for g++ option to produce PIC
configure:13956: result: -DDLL_EXPORT -DPIC
configure:13964: checking if g++ PIC flag -DDLL_EXPORT -DPIC works
configure:13982: g++ -c -g -O2 -Wall -ansi -pedantic  -DDLL_EXPORT -DPIC -DPIC conftest.cpp >&5
configure:13986: $? = 0
configure:13999: result: yes
configure:14022: checking if g++ static flag -static works
configure:14050: result: yes
configure:14062: checking if g++ supports -c -o file.o
configure:14083: g++ -c -g -O2 -Wall -ansi -pedantic  -o out/conftest2.o conftest.cpp >&5
configure:14087: $? = 0
configure:14109: result: yes
configure:14114: checking if g++ supports -c -o file.o
configure:14161: result: yes
configure:14191: checking whether the g++ linker (c:/bin/mingw/mingw32/bin/ld.exe) supports shared libraries
configure:14228: result: yes
configure:14371: checking dynamic linker characteristics
configure:15054: result: Win32 ld.exe
configure:15107: checking how to hardcode library paths into programs
configure:15132: result: immediate
configure:15374: creating ./config.status

## ---------------------- ##
## Running config.status. ##
## ---------------------- ##

This file was extended by PortAudioCpp config.status 12, which was
generated by GNU Autoconf 2.68.  Invocation command line was

  CONFIG_FILES    = 
  CONFIG_HEADERS  = 
  CONFIG_LINKS    = 
  CONFIG_COMMANDS = 
  $ ./config.status 

on d2Laptop

config.status:1105: creating Makefile
config.status:1105: creating lib/Makefile
config.status:1105: creating include/Makefile
config.status:1105: creating bin/Makefile
config.status:1105: creating doc/Makefile
config.status:1105: creating portaudiocpp.pc
config.status:1277: executing depfiles commands
config.status:1277: executing libtool commands

## ---------------- ##
## Cache variables. ##
## ---------------- ##

ac_cv_build=i686-pc-mingw32
ac_cv_c_compiler_gnu=yes
ac_cv_cxx_compiler_gnu=yes
ac_cv_env_CCC_set=
ac_cv_env_CCC_value=
ac_cv_env_CC_set=
ac_cv_env_CC_value=
ac_cv_env_CFLAGS_set=
ac_cv_env_CFLAGS_value=
ac_cv_env_CPPFLAGS_set=
ac_cv_env_CPPFLAGS_value=
ac_cv_env_CPP_set=
ac_cv_env_CPP_value=
ac_cv_env_CXXCPP_set=
ac_cv_env_CXXCPP_value=
ac_cv_env_CXXFLAGS_set=
ac_cv_env_CXXFLAGS_value=
ac_cv_env_CXX_set=
ac_cv_env_CXX_value=
ac_cv_env_LDFLAGS_set=
ac_cv_env_LDFLAGS_value=
ac_cv_env_LIBS_set=
ac_cv_env_LIBS_value=
ac_cv_env_build_alias_set=
ac_cv_env_build_alias_value=
ac_cv_env_host_alias_set=
ac_cv_env_host_alias_value=
ac_cv_env_target_alias_set=
ac_cv_env_target_alias_value=
ac_cv_exeext=.exe
ac_cv_header_dlfcn_h=no
ac_cv_header_inttypes_h=yes
ac_cv_header_memory_h=yes
ac_cv_header_stdc=yes
ac_cv_header_stdint_h=yes
ac_cv_header_stdlib_h=yes
ac_cv_header_string_h=yes
ac_cv_header_strings_h=yes
ac_cv_header_sys_stat_h=yes
ac_cv_header_sys_types_h=yes
ac_cv_header_unistd_h=yes
ac_cv_host=i686-pc-mingw32
ac_cv_objext=o
ac_cv_path_EGREP='/bin/grep -E'
ac_cv_path_FGREP='/bin/grep -F'
ac_cv_path_GREP=/bin/grep
ac_cv_path_SED=/bin/sed
ac_cv_path_install='/bin/install -c'
ac_cv_path_mkdir=/bin/mkdir
ac_cv_prog_AWK=gawk
ac_cv_prog_CPP='gcc -E'
ac_cv_prog_CXXCPP='g++ -E'
ac_cv_prog_ac_ct_AR=ar
ac_cv_prog_ac_ct_AS=as
ac_cv_prog_ac_ct_CC=gcc
ac_cv_prog_ac_ct_CXX=g++
ac_cv_prog_ac_ct_DLLTOOL=dlltool
ac_cv_prog_ac_ct_OBJDUMP=objdump
ac_cv_prog_ac_ct_RANLIB=ranlib
ac_cv_prog_ac_ct_STRIP=strip
ac_cv_prog_cc_c89=
ac_cv_prog_cc_g=yes
ac_cv_prog_cxx_g=yes
ac_cv_prog_make_make_set=yes
am_cv_CC_dependencies_compiler_type=gcc3
am_cv_CXX_dependencies_compiler_type=gcc3
lt_cv_ar_at_file=@
lt_cv_archive_cmds_need_lc=yes
lt_cv_deplibs_check_method='file_magic ^x86 archive import|^x86 DLL'
lt_cv_file_magic_cmd=func_win32_libid
lt_cv_file_magic_test_file=
lt_cv_ld_reload_flag=-r
lt_cv_nm_interface='BSD nm'
lt_cv_objdir=.libs
lt_cv_path_LD=c:/bin/mingw/mingw32/bin/ld.exe
lt_cv_path_LDCXX=c:/bin/mingw/mingw32/bin/ld.exe
lt_cv_path_NM=/mingw/bin/nm
lt_cv_path_mainfest_tool=no
lt_cv_prog_compiler_c_o=yes
lt_cv_prog_compiler_c_o_CXX=yes
lt_cv_prog_compiler_pic='-DDLL_EXPORT -DPIC'
lt_cv_prog_compiler_pic_CXX='-DDLL_EXPORT -DPIC'
lt_cv_prog_compiler_pic_works=yes
lt_cv_prog_compiler_pic_works_CXX=yes
lt_cv_prog_compiler_rtti_exceptions=no
lt_cv_prog_compiler_static_works=yes
lt_cv_prog_compiler_static_works_CXX=yes
lt_cv_prog_gnu_ld=yes
lt_cv_prog_gnu_ldcxx=yes
lt_cv_sharedlib_from_linklib_cmd=func_cygming_dll_for_implib
lt_cv_sys_global_symbol_pipe='sed -n -e '\''s/^.*[	 ]\([ABCDGIRSTW][ABCDGIRSTW]*\)[	 ][	 ]*_\([_A-Za-z][_A-Za-z0-9]*\)\{0,1\}$/\1 _\2 \2/p'\'' | sed '\''/ __gnu_lto/d'\'''
lt_cv_sys_global_symbol_to_c_name_address='sed -n -e '\''s/^: \([^ ]*\)[ ]*$/  {\"\1\", (void *) 0},/p'\'' -e '\''s/^[ABCDGIRSTW]* \([^ ]*\) \([^ ]*\)$/  {"\2", (void *) \&\2},/p'\'''
lt_cv_sys_global_symbol_to_c_name_address_lib_prefix='sed -n -e '\''s/^: \([^ ]*\)[ ]*$/  {\"\1\", (void *) 0},/p'\'' -e '\''s/^[ABCDGIRSTW]* \([^ ]*\) \(lib[^ ]*\)$/  {"\2", (void *) \&\2},/p'\'' -e '\''s/^[ABCDGIRSTW]* \([^ ]*\) \([^ ]*\)$/  {"lib\2", (void *) \&\2},/p'\'''
lt_cv_sys_global_symbol_to_cdecl='sed -n -e '\''s/^T .* \(.*\)$/extern int \1();/p'\'' -e '\''s/^[ABCDGIRSTW]* .* \(.*\)$/extern char \1;/p'\'''
lt_cv_sys_max_cmd_len=8192
lt_cv_to_host_file_cmd=func_convert_file_msys_to_w32
lt_cv_to_tool_file_cmd=func_convert_file_msys_to_w32

## ----------------- ##
## Output variables. ##
## ----------------- ##

ACLOCAL='${SHELL} /p/Radio/portaudio-trunk/missing --run aclocal-1.11'
AMDEPBACKSLASH='\'
AMDEP_FALSE='#'
AMDEP_TRUE=''
AMTAR='${SHELL} /p/Radio/portaudio-trunk/missing --run tar'
AR='ar'
AS='as'
AUTOCONF='${SHELL} /p/Radio/portaudio-trunk/missing --run autoconf'
AUTOHEADER='${SHELL} /p/Radio/portaudio-trunk/missing --run autoheader'
AUTOMAKE='${SHELL} /p/Radio/portaudio-trunk/missing --run automake-1.11'
AWK='gawk'
CC='gcc'
CCDEPMODE='depmode=gcc3'
CFLAGS='-g -O2 -Wall -ansi -pedantic'
CPP='gcc -E'
CPPFLAGS=''
CXX='g++'
CXXCPP='g++ -E'
CXXDEPMODE='depmode=gcc3'
CXXFLAGS='-g -O2 -Wall -ansi -pedantic'
CYGPATH_W='echo'
DEFAULT_INCLUDES='-I$(top_srcdir)/include -I$(top_srcdir)/../../include'
DEFS='-DPACKAGE_NAME=\"PortAudioCpp\" -DPACKAGE_TARNAME=\"portaudiocpp\" -DPACKAGE_VERSION=\"12\" -DPACKAGE_STRING=\"PortAudioCpp\ 12\" -DPACKAGE_BUGREPORT=\"\" -DPACKAGE_URL=\"\" -DPACKAGE=\"portaudiocpp\" -DVERSION=\"12\" -DSTDC_HEADERS=1 -DHAVE_SYS_TYPES_H=1 -DHAVE_SYS_STAT_H=1 -DHAVE_STDLIB_H=1 -DHAVE_STRING_H=1 -DHAVE_MEMORY_H=1 -DHAVE_STRINGS_H=1 -DHAVE_INTTYPES_H=1 -DHAVE_STDINT_H=1 -DHAVE_UNISTD_H=1 -DLT_OBJDIR=\".libs/\"'
DEPDIR='.deps'
DLLTOOL='dlltool'
DSYMUTIL=''
DUMPBIN=''
ECHO_C=''
ECHO_N='-n'
ECHO_T=''
EGREP='/bin/grep -E'
EXEEXT='.exe'
FGREP='/bin/grep -F'
GREP='/bin/grep'
INSTALL_DATA='${INSTALL} -m 644'
INSTALL_PROGRAM='${INSTALL}'
INSTALL_SCRIPT='${INSTALL}'
INSTALL_STRIP_PROGRAM='$(install_sh) -c -s'
LD='c:/bin/mingw/mingw32/bin/ld.exe'
LDFLAGS=''
LIBOBJS=''
LIBS=''
LIBTOOL='$(SHELL) $(top_builddir)/libtool'
LIPO=''
LN_S='cp -p'
LTLIBOBJS=''
LT_VERSION_INFO='0:12:0'
MAINT='#'
MAINTAINER_MODE_FALSE=''
MAINTAINER_MODE_TRUE='#'
MAKEINFO='${SHELL} /p/Radio/portaudio-trunk/missing --run makeinfo'
MANIFEST_TOOL=':'
MKDIR_P='/bin/mkdir -p'
NM='/mingw/bin/nm'
NMEDIT=''
OBJDUMP='objdump'
OBJEXT='o'
OTOOL64=''
OTOOL=''
PACKAGE='portaudiocpp'
PACKAGE_BUGREPORT=''
PACKAGE_NAME='PortAudioCpp'
PACKAGE_STRING='PortAudioCpp 12'
PACKAGE_TARNAME='portaudiocpp'
PACKAGE_URL=''
PACKAGE_VERSION='12'
PATH_SEPARATOR=':'
PORTAUDIO_ROOT='../..'
RANLIB='ranlib'
SED='/bin/sed'
SET_MAKE=''
SHELL='/bin/sh'
STRIP='strip'
VERSION='12'
ac_ct_AR='ar'
ac_ct_CC='gcc'
ac_ct_CXX='g++'
ac_ct_DUMPBIN=''
am__EXEEXT_FALSE='#'
am__EXEEXT_TRUE=''
am__fastdepCC_FALSE='#'
am__fastdepCC_TRUE=''
am__fastdepCXX_FALSE='#'
am__fastdepCXX_TRUE=''
am__include='include'
am__isrc=''
am__leading_dot='.'
am__quote=''
am__tar='${AMTAR} chof - "$$tardir"'
am__untar='${AMTAR} xf -'
bindir='${exec_prefix}/bin'
build='i686-pc-mingw32'
build_alias=''
build_cpu='i686'
build_os='mingw32'
build_vendor='pc'
datadir='${datarootdir}'
datarootdir='${prefix}/share'
docdir='${datarootdir}/doc/${PACKAGE_TARNAME}'
dvidir='${docdir}'
exec_prefix='${prefix}'
host='i686-pc-mingw32'
host_alias=''
host_cpu='i686'
host_os='mingw32'
host_vendor='pc'
htmldir='${docdir}'
includedir='${prefix}/include'
infodir='${datarootdir}/info'
install_sh='${SHELL} /p/Radio/portaudio-trunk/install-sh'
libdir='${exec_prefix}/lib'
libexecdir='${exec_prefix}/libexec'
localedir='${datarootdir}/locale'
localstatedir='${prefix}/var'
mandir='${datarootdir}/man'
mkdir_p='/bin/mkdir -p'
oldincludedir='/usr/include'
pdfdir='${docdir}'
prefix='/usr/local'
program_transform_name='s,x,x,'
psdir='${docdir}'
sbindir='${exec_prefix}/sbin'
sharedstatedir='${prefix}/com'
sysconfdir='${prefix}/etc'
target_alias=''

## ----------- ##
## confdefs.h. ##
## ----------- ##

/* confdefs.h */
#define PACKAGE_NAME "PortAudioCpp"
#define PACKAGE_TARNAME "portaudiocpp"
#define PACKAGE_VERSION "12"
#define PACKAGE_STRING "PortAudioCpp 12"
#define PACKAGE_BUGREPORT ""
#define PACKAGE_URL ""
#define PACKAGE "portaudiocpp"
#define VERSION "12"
#define STDC_HEADERS 1
#define HAVE_SYS_TYPES_H 1
#define HAVE_SYS_STAT_H 1
#define HAVE_STDLIB_H 1
#define HAVE_STRING_H 1
#define HAVE_MEMORY_H 1
#define HAVE_STRINGS_H 1
#define HAVE_INTTYPES_H 1
#define HAVE_STDINT_H 1
#define HAVE_UNISTD_H 1
#define LT_OBJDIR ".libs/"

configure: exit 0
